<?xml version="1.0" encoding="UTF-8"?>
<!-- Generated by org.testng.reporters.JUnitXMLReporter -->
<testsuite hostname="DESKTOP-12K0DAC" ignored="0" name="Flipkart Application Test Cases" tests="1" failures="1" timestamp="2020-09-26T01:52:41 IST" time="16.101" errors="0">
  <testcase name="validateCreateNewContact" time="0.122" classname="TestCases.SearchResultPageTest">
    <failure type="java.lang.NullPointerException">
      <![CDATA[java.lang.NullPointerException
at org.openqa.selenium.support.pagefactory.DefaultElementLocator.findElement(DefaultElementLocator.java:69)
at org.openqa.selenium.support.pagefactory.internal.LocatingElementHandler.invoke(LocatingElementHandler.java:38)
at com.sun.proxy.$Proxy10.getTagName(Unknown Source)
at org.openqa.selenium.support.ui.Select.<init>(Select.java:45)
at Pages.SearchResultPage.SetFilter(SearchResultPage.java:40)
at TestCases.SearchResultPageTest.validateCreateNewContact(SearchResultPageTest.java:45)
at java.util.ArrayList.forEach(Unknown Source)
... Removed 27 stack frames]]>
    </failure>
  </testcase> <!-- validateCreateNewContact -->
</testsuite> <!-- Flipkart Application Test Cases -->
